  can0  300   [8]  04 01 21 8D BE FF FF FF
  can0  300   [8]  04 01 20 8C BE FF FF FF
  can0  300   [8]  04 01 22 7D BE FF FF FF
  can0  300   [8]  04 01 23 5E BE FF FF FF
  can0  305   [8]  00 00 00 00 00 00 00 00
  can0  351   [8]  2F 02 04 0B 04 0B B0 01
  can0  354   [8]  2C 01 D8 00 00 00 00 00
  can0  355   [8]  48 00 64 00 00 00 00 00
  can0  356   [8]  17 02 04 00 18 01 00 00
  can0  35A   [7]  AB AA FE AF AA FA FF
  can0  35E   [8]  44 49 53 43 4F 56 45 52
  can0  370   [8]  00 00 00 00 00 00 00 00
  can0  371   [8]  00 00 00 00 00 00 00 00
  can0  372   [4]  00 00 01 02
  can0  373   [4]  01 00 00 00
  can0  305   [8]  00 00 00 00 00 00 00 00
  can0  351   [8]  2F 02 04 0B 04 0B B0 01
  can0  354   [8]  2C 01 D8 00 00 00 00 00
  can0  355   [8]  48 00 64 00 00 00 00 00
  can0  356   [8]  17 02 05 00 18 01 00 00
  can0  35A   [7]  AB AA FE AF AA FA FF
  can0  305   [8]  00 00 00 00 00 00 00 00
  can0  351   [8]  2F 02 04 0B 04 0B B0 01
  can0  354   [8]  2C 01 D8 00 00 00 00 00
  can0  355   [8]  48 00 64 00 00 00 00 00
  can0  356   [8]  17 02 04 00 18 01 00 00
  can0  35A   [7]  AB AA FE AF AA FA FF
  can0  300   [8]  04 01 21 8D BE FF FF FF
  can0  300   [8]  04 01 20 8C BE FF FF FF
  can0  300   [8]  04 01 22 7D BE FF FF FF
  can0  300   [8]  04 01 23 5E BE FF FF FF
  can0  305   [8]  00 00 00 00 00 00 00 00
  can0  351   [8]  2F 02 04 0B 04 0B B0 01
  can0  354   [8]  2C 01 D8 00 00 00 00 00
  can0  355   [8]  48 00 64 00 00 00 00 00
  can0  356   [8]  17 02 03 00 18 01 00 00
  can0  35A   [7]  AB AA FE AF AA FA FF
  can0  305   [8]  00 00 00 00 00 00 00 00
  can0  351   [8]  2F 02 04 0B 04 0B B0 01
  can0  354   [8]  2C 01 D8 00 00 00 00 00
  can0  355   [8]  48 00 64 00 00 00 00 00
  can0  356   [8]  17 02 02 00 18 01 00 00
  can0  35A   [7]  AB AA FE AF AA FA FF
  can0  305   [8]  00 00 00 00 00 00 00 00
  can0  351   [8]  2F 02 04 0B 04 0B B0 01
  can0  354   [8]  2C 01 D8 00 00 00 00 00
  can0  355   [8]  48 00 64 00 00 00 00 00
  can0  356   [8]  17 02 02 00 18 01 00 00
  can0  35A   [7]  AB AA FE AF AA FA FF
  can0  300   [8]  04 01 21 8D BE FF FF FF
  can0  300   [8]  04 01 20 8C BE FF FF FF
  can0  300   [8]  04 01 22 7D BE FF FF FF
  can0  300   [8]  04 01 23 5E BE FF FF FF
  can0  305   [8]  00 00 00 00 00 00 00 00
  can0  351   [8]  2F 02 04 0B 04 0B B0 01
  can0  354   [8]  2C 01 D8 00 00 00 00 00
  can0  355   [8]  48 00 64 00 00 00 00 00
  can0  356   [8]  17 02 02 00 18 01 00 00
  can0  35A   [7]  AB AA FE AF AA FA FF
  can0  305   [8]  00 00 00 00 00 00 00 00
  can0  351   [8]  2F 02 04 0B 04 0B B0 01
  can0  354   [8]  2C 01 D8 00 00 00 00 00
  can0  355   [8]  48 00 64 00 00 00 00 00
  can0  356   [8]  17 02 FE FF 18 01 00 00
  can0  35A   [7]  AB AA FE AF AA FA FF
  can0  305   [8]  00 00 00 00 00 00 00 00
  can0  351   [8]  2F 02 04 0B 04 0B B0 01
  can0  354   [8]  2C 01 D8 00 00 00 00 00
  can0  355   [8]  48 00 64 00 00 00 00 00
  can0  356   [8]  17 02 03 00 18 01 00 00
  can0  35A   [7]  AB AA FE AF AA FA FF
